2020-07-14 09:48:51.029  INFO 44040 --- [restartedMain] com.example.dayone.DayoneApplication     : Starting DayoneApplication on Sam-Personal-Computer with PID 44040 (H:\dayone\target\classes started by Sam in H:\dayone)
2020-07-14 09:48:51.029 DEBUG 44040 --- [restartedMain] com.example.dayone.DayoneApplication     : Running with Spring Boot v2.3.1.RELEASE, Spring v5.2.7.RELEASE
2020-07-14 09:48:51.029  INFO 44040 --- [restartedMain] com.example.dayone.DayoneApplication     : No active profile set, falling back to default profiles: default
2020-07-14 09:48:51.294  INFO 44040 --- [restartedMain] o.s.b.w.embedded.tomcat.TomcatWebServer  : Tomcat initialized with port(s): 8087 (http)
2020-07-14 09:48:51.295  INFO 44040 --- [restartedMain] o.apache.catalina.core.StandardService   : Starting service [Tomcat]
2020-07-14 09:48:51.296  INFO 44040 --- [restartedMain] org.apache.catalina.core.StandardEngine  : Starting Servlet engine: [Apache Tomcat/9.0.36]
2020-07-14 09:48:51.318  INFO 44040 --- [restartedMain] o.a.c.c.C.[Tomcat].[localhost].[/zjn]    : Initializing Spring embedded WebApplicationContext
2020-07-14 09:48:51.319  INFO 44040 --- [restartedMain] w.s.c.ServletWebServerApplicationContext : Root WebApplicationContext: initialization completed in 288 ms
2020-07-14 09:48:51.361  INFO 44040 --- [restartedMain] o.s.s.concurrent.ThreadPoolTaskExecutor  : Initializing ExecutorService 'applicationTaskExecutor'
2020-07-14 09:48:51.396  INFO 44040 --- [restartedMain] o.s.b.d.a.OptionalLiveReloadServer       : LiveReload server is running on port 35729
2020-07-14 09:48:51.406  INFO 44040 --- [restartedMain] o.s.b.w.embedded.tomcat.TomcatWebServer  : Tomcat started on port(s): 8087 (http) with context path '/zjn'
2020-07-14 09:48:51.412  INFO 44040 --- [restartedMain] com.example.dayone.DayoneApplication     : Started DayoneApplication in 0.409 seconds (JVM running for 68.134)
2020-07-14 09:48:51.414  INFO 44040 --- [restartedMain] .ConditionEvaluationDeltaLoggingListener : Condition evaluation unchanged
2020-07-14 09:48:55.563  INFO 44040 --- [http-nio-8087-exec-1] o.a.c.c.C.[Tomcat].[localhost].[/zjn]    : Initializing Spring DispatcherServlet 'dispatcherServlet'
2020-07-14 09:48:55.565  INFO 44040 --- [http-nio-8087-exec-1] o.s.web.servlet.DispatcherServlet        : Initializing Servlet 'dispatcherServlet'
2020-07-14 09:48:55.572  INFO 44040 --- [http-nio-8087-exec-1] o.s.web.servlet.DispatcherServlet        : Completed initialization in 7 ms
2020-07-14 09:48:55.573 ERROR 44040 --- [http-nio-8087-exec-1] c.e.dayone.controller.IndexController    : error
2020-07-14 09:48:55.574  INFO 44040 --- [http-nio-8087-exec-1] c.e.dayone.controller.IndexController    : info
2020-07-14 09:48:55.574  WARN 44040 --- [http-nio-8087-exec-1] c.e.dayone.controller.IndexController    : warn
2020-07-14 09:48:55.574 DEBUG 44040 --- [http-nio-8087-exec-1] c.e.dayone.controller.IndexController    : debug
2020-07-14 09:48:55.574 TRACE 44040 --- [http-nio-8087-exec-1] c.e.dayone.controller.IndexController    : trace
2020-07-14 11:04:27.118  INFO 26936 --- [restartedMain] com.example.dayone.DayoneApplication     : Starting DayoneApplication on Sam-Personal-Computer with PID 26936 (H:\dayone\target\classes started by Sam in H:\dayone)
2020-07-14 11:04:27.121 DEBUG 26936 --- [restartedMain] com.example.dayone.DayoneApplication     : Running with Spring Boot v2.3.1.RELEASE, Spring v5.2.7.RELEASE
2020-07-14 11:04:27.121  INFO 26936 --- [restartedMain] com.example.dayone.DayoneApplication     : No active profile set, falling back to default profiles: default
2020-07-14 11:04:27.177  INFO 26936 --- [restartedMain] .e.DevToolsPropertyDefaultsPostProcessor : Devtools property defaults active! Set 'spring.devtools.add-properties' to 'false' to disable
2020-07-14 11:04:27.177  INFO 26936 --- [restartedMain] .e.DevToolsPropertyDefaultsPostProcessor : For additional web related logging consider setting the 'logging.level.web' property to 'DEBUG'
2020-07-14 11:04:28.161  INFO 26936 --- [restartedMain] o.s.b.w.embedded.tomcat.TomcatWebServer  : Tomcat initialized with port(s): 8087 (http)
2020-07-14 11:04:28.171  INFO 26936 --- [restartedMain] o.apache.catalina.core.StandardService   : Starting service [Tomcat]
2020-07-14 11:04:28.171  INFO 26936 --- [restartedMain] org.apache.catalina.core.StandardEngine  : Starting Servlet engine: [Apache Tomcat/9.0.36]
2020-07-14 11:04:28.232  INFO 26936 --- [restartedMain] o.a.c.c.C.[Tomcat].[localhost].[/zjn]    : Initializing Spring embedded WebApplicationContext
2020-07-14 11:04:28.232  INFO 26936 --- [restartedMain] w.s.c.ServletWebServerApplicationContext : Root WebApplicationContext: initialization completed in 1055 ms
2020-07-14 11:04:28.366  INFO 26936 --- [restartedMain] o.s.s.concurrent.ThreadPoolTaskExecutor  : Initializing ExecutorService 'applicationTaskExecutor'
2020-07-14 11:04:28.469  INFO 26936 --- [restartedMain] o.s.b.d.a.OptionalLiveReloadServer       : LiveReload server is running on port 35729
2020-07-14 11:04:28.496  INFO 26936 --- [restartedMain] o.s.b.w.embedded.tomcat.TomcatWebServer  : Tomcat started on port(s): 8087 (http) with context path '/zjn'
2020-07-14 11:04:28.506  INFO 26936 --- [restartedMain] com.example.dayone.DayoneApplication     : Started DayoneApplication in 1.806 seconds (JVM running for 2.678)
2020-07-14 11:04:52.125  INFO 26936 --- [http-nio-8087-exec-1] o.a.c.c.C.[Tomcat].[localhost].[/zjn]    : Initializing Spring DispatcherServlet 'dispatcherServlet'
2020-07-14 11:04:52.125  INFO 26936 --- [http-nio-8087-exec-1] o.s.web.servlet.DispatcherServlet        : Initializing Servlet 'dispatcherServlet'
2020-07-14 11:04:52.130  INFO 26936 --- [http-nio-8087-exec-1] o.s.web.servlet.DispatcherServlet        : Completed initialization in 4 ms
2020-07-14 11:04:52.142  WARN 26936 --- [http-nio-8087-exec-1] o.s.web.servlet.PageNotFound             : No mapping for GET /zjn/index
2020-07-14 11:05:27.106  WARN 26936 --- [http-nio-8087-exec-2] o.s.web.servlet.PageNotFound             : No mapping for GET /zjn/index.html
2020-07-14 11:10:49.436  INFO 19316 --- [restartedMain] com.example.dayone.DayoneApplication     : Starting DayoneApplication on Sam-Personal-Computer with PID 19316 (H:\dayone\target\classes started by Sam in H:\dayone)
2020-07-14 11:10:49.439 DEBUG 19316 --- [restartedMain] com.example.dayone.DayoneApplication     : Running with Spring Boot v2.3.1.RELEASE, Spring v5.2.7.RELEASE
2020-07-14 11:10:49.439  INFO 19316 --- [restartedMain] com.example.dayone.DayoneApplication     : No active profile set, falling back to default profiles: default
2020-07-14 11:10:49.507  INFO 19316 --- [restartedMain] .e.DevToolsPropertyDefaultsPostProcessor : Devtools property defaults active! Set 'spring.devtools.add-properties' to 'false' to disable
2020-07-14 11:10:49.508  INFO 19316 --- [restartedMain] .e.DevToolsPropertyDefaultsPostProcessor : For additional web related logging consider setting the 'logging.level.web' property to 'DEBUG'
2020-07-14 11:10:50.218  WARN 19316 --- [restartedMain] o.m.s.mapper.ClassPathMapperScanner      : No MyBatis mapper was found in '[com.example.dayone]' package. Please check your configuration.
2020-07-14 11:10:50.260  INFO 19316 --- [restartedMain] .s.d.r.c.RepositoryConfigurationDelegate : Multiple Spring Data modules found, entering strict repository configuration mode!
2020-07-14 11:10:50.262  INFO 19316 --- [restartedMain] .s.d.r.c.RepositoryConfigurationDelegate : Bootstrapping Spring Data Redis repositories in DEFAULT mode.
2020-07-14 11:10:50.296  INFO 19316 --- [restartedMain] .s.d.r.c.RepositoryConfigurationDelegate : Finished Spring Data repository scanning in 4ms. Found 0 Redis repository interfaces.
2020-07-14 11:10:50.859  INFO 19316 --- [restartedMain] o.s.b.w.embedded.tomcat.TomcatWebServer  : Tomcat initialized with port(s): 8087 (http)
2020-07-14 11:10:50.866  INFO 19316 --- [restartedMain] o.apache.catalina.core.StandardService   : Starting service [Tomcat]
2020-07-14 11:10:50.867  INFO 19316 --- [restartedMain] org.apache.catalina.core.StandardEngine  : Starting Servlet engine: [Apache Tomcat/9.0.36]
2020-07-14 11:10:50.935  INFO 19316 --- [restartedMain] o.a.c.c.C.[Tomcat].[localhost].[/zjn]    : Initializing Spring embedded WebApplicationContext
2020-07-14 11:10:50.951  INFO 19316 --- [restartedMain] w.s.c.ServletWebServerApplicationContext : Root WebApplicationContext: initialization completed in 1443 ms
2020-07-14 11:10:51.119  INFO 19316 --- [restartedMain] o.s.s.concurrent.ThreadPoolTaskExecutor  : Initializing ExecutorService 'applicationTaskExecutor'
2020-07-14 11:10:51.166  INFO 19316 --- [restartedMain] o.s.b.a.w.s.WelcomePageHandlerMapping    : Adding welcome page template: index
2020-07-14 11:10:51.330  WARN 19316 --- [restartedMain] ConfigServletWebServerApplicationContext : Exception encountered during context initialization - cancelling refresh attempt: org.springframework.beans.factory.BeanCreationException: Error creating bean with name 'dataSource' defined in class path resource [org/springframework/boot/autoconfigure/jdbc/DataSourceConfiguration$Hikari.class]: Bean instantiation via factory method failed; nested exception is org.springframework.beans.BeanInstantiationException: Failed to instantiate [com.zaxxer.hikari.HikariDataSource]: Factory method 'dataSource' threw exception; nested exception is org.springframework.boot.autoconfigure.jdbc.DataSourceProperties$DataSourceBeanCreationException: Failed to determine a suitable driver class
2020-07-14 11:10:51.331  INFO 19316 --- [restartedMain] o.s.s.concurrent.ThreadPoolTaskExecutor  : Shutting down ExecutorService 'applicationTaskExecutor'
2020-07-14 11:10:51.334  INFO 19316 --- [restartedMain] o.apache.catalina.core.StandardService   : Stopping service [Tomcat]
2020-07-14 11:10:51.344  INFO 19316 --- [restartedMain] ConditionEvaluationReportLoggingListener : 

Error starting ApplicationContext. To display the conditions report re-run your application with 'debug' enabled.
2020-07-14 11:10:51.349 ERROR 19316 --- [restartedMain] o.s.b.d.LoggingFailureAnalysisReporter   : 

***************************
APPLICATION FAILED TO START
***************************

Description:

Failed to configure a DataSource: 'url' attribute is not specified and no embedded datasource could be configured.

Reason: Failed to determine a suitable driver class


Action:

Consider the following:
	If you want an embedded database (H2, HSQL or Derby), please put it on the classpath.
	If you have database settings to be loaded from a particular profile you may need to activate it (no profiles are currently active).

2020-07-14 11:11:51.211  INFO 44852 --- [restartedMain] com.example.dayone.DayoneApplication     : Starting DayoneApplication on Sam-Personal-Computer with PID 44852 (H:\dayone\target\classes started by Sam in H:\dayone)
2020-07-14 11:11:51.213 DEBUG 44852 --- [restartedMain] com.example.dayone.DayoneApplication     : Running with Spring Boot v2.3.1.RELEASE, Spring v5.2.7.RELEASE
2020-07-14 11:11:51.214  INFO 44852 --- [restartedMain] com.example.dayone.DayoneApplication     : No active profile set, falling back to default profiles: default
2020-07-14 11:11:51.276  INFO 44852 --- [restartedMain] .e.DevToolsPropertyDefaultsPostProcessor : Devtools property defaults active! Set 'spring.devtools.add-properties' to 'false' to disable
2020-07-14 11:11:51.276  INFO 44852 --- [restartedMain] .e.DevToolsPropertyDefaultsPostProcessor : For additional web related logging consider setting the 'logging.level.web' property to 'DEBUG'
2020-07-14 11:11:51.853  WARN 44852 --- [restartedMain] o.m.s.mapper.ClassPathMapperScanner      : No MyBatis mapper was found in '[com.example.dayone]' package. Please check your configuration.
2020-07-14 11:11:51.894  INFO 44852 --- [restartedMain] .s.d.r.c.RepositoryConfigurationDelegate : Multiple Spring Data modules found, entering strict repository configuration mode!
2020-07-14 11:11:51.896  INFO 44852 --- [restartedMain] .s.d.r.c.RepositoryConfigurationDelegate : Bootstrapping Spring Data Redis repositories in DEFAULT mode.
2020-07-14 11:11:51.913  INFO 44852 --- [restartedMain] .s.d.r.c.RepositoryConfigurationDelegate : Finished Spring Data repository scanning in 4ms. Found 0 Redis repository interfaces.
2020-07-14 11:11:52.352  INFO 44852 --- [restartedMain] o.s.b.w.embedded.tomcat.TomcatWebServer  : Tomcat initialized with port(s): 8087 (http)
2020-07-14 11:11:52.359  INFO 44852 --- [restartedMain] o.apache.catalina.core.StandardService   : Starting service [Tomcat]
2020-07-14 11:11:52.359  INFO 44852 --- [restartedMain] org.apache.catalina.core.StandardEngine  : Starting Servlet engine: [Apache Tomcat/9.0.36]
2020-07-14 11:11:52.426  INFO 44852 --- [restartedMain] o.a.c.c.C.[Tomcat].[localhost].[/zjn]    : Initializing Spring embedded WebApplicationContext
2020-07-14 11:11:52.426  INFO 44852 --- [restartedMain] w.s.c.ServletWebServerApplicationContext : Root WebApplicationContext: initialization completed in 1149 ms
2020-07-14 11:11:52.595  INFO 44852 --- [restartedMain] o.s.s.concurrent.ThreadPoolTaskExecutor  : Initializing ExecutorService 'applicationTaskExecutor'
2020-07-14 11:11:52.642  INFO 44852 --- [restartedMain] o.s.b.a.w.s.WelcomePageHandlerMapping    : Adding welcome page template: index
2020-07-14 11:11:52.781  WARN 44852 --- [restartedMain] ConfigServletWebServerApplicationContext : Exception encountered during context initialization - cancelling refresh attempt: org.springframework.beans.factory.BeanCreationException: Error creating bean with name 'dataSource' defined in class path resource [org/springframework/boot/autoconfigure/jdbc/DataSourceConfiguration$Hikari.class]: Bean instantiation via factory method failed; nested exception is org.springframework.beans.BeanInstantiationException: Failed to instantiate [com.zaxxer.hikari.HikariDataSource]: Factory method 'dataSource' threw exception; nested exception is org.springframework.boot.autoconfigure.jdbc.DataSourceProperties$DataSourceBeanCreationException: Failed to determine a suitable driver class
2020-07-14 11:11:52.781  INFO 44852 --- [restartedMain] o.s.s.concurrent.ThreadPoolTaskExecutor  : Shutting down ExecutorService 'applicationTaskExecutor'
2020-07-14 11:11:52.783  INFO 44852 --- [restartedMain] o.apache.catalina.core.StandardService   : Stopping service [Tomcat]
2020-07-14 11:11:52.792  INFO 44852 --- [restartedMain] ConditionEvaluationReportLoggingListener : 

Error starting ApplicationContext. To display the conditions report re-run your application with 'debug' enabled.
2020-07-14 11:11:52.799 ERROR 44852 --- [restartedMain] o.s.b.d.LoggingFailureAnalysisReporter   : 

***************************
APPLICATION FAILED TO START
***************************

Description:

Failed to configure a DataSource: 'url' attribute is not specified and no embedded datasource could be configured.

Reason: Failed to determine a suitable driver class


Action:

Consider the following:
	If you want an embedded database (H2, HSQL or Derby), please put it on the classpath.
	If you have database settings to be loaded from a particular profile you may need to activate it (no profiles are currently active).

2020-07-14 11:12:08.259  INFO 23164 --- [restartedMain] com.example.dayone.DayoneApplication     : Starting DayoneApplication on Sam-Personal-Computer with PID 23164 (H:\dayone\target\classes started by Sam in H:\dayone)
2020-07-14 11:12:08.261 DEBUG 23164 --- [restartedMain] com.example.dayone.DayoneApplication     : Running with Spring Boot v2.3.1.RELEASE, Spring v5.2.7.RELEASE
2020-07-14 11:12:08.262  INFO 23164 --- [restartedMain] com.example.dayone.DayoneApplication     : No active profile set, falling back to default profiles: default
2020-07-14 11:12:08.327  INFO 23164 --- [restartedMain] .e.DevToolsPropertyDefaultsPostProcessor : Devtools property defaults active! Set 'spring.devtools.add-properties' to 'false' to disable
2020-07-14 11:12:08.328  INFO 23164 --- [restartedMain] .e.DevToolsPropertyDefaultsPostProcessor : For additional web related logging consider setting the 'logging.level.web' property to 'DEBUG'
2020-07-14 11:12:08.894  WARN 23164 --- [restartedMain] o.m.s.mapper.ClassPathMapperScanner      : No MyBatis mapper was found in '[com.example.dayone]' package. Please check your configuration.
2020-07-14 11:12:08.936  INFO 23164 --- [restartedMain] .s.d.r.c.RepositoryConfigurationDelegate : Multiple Spring Data modules found, entering strict repository configuration mode!
2020-07-14 11:12:08.938  INFO 23164 --- [restartedMain] .s.d.r.c.RepositoryConfigurationDelegate : Bootstrapping Spring Data Redis repositories in DEFAULT mode.
2020-07-14 11:12:08.954  INFO 23164 --- [restartedMain] .s.d.r.c.RepositoryConfigurationDelegate : Finished Spring Data repository scanning in 4ms. Found 0 Redis repository interfaces.
2020-07-14 11:12:09.388  INFO 23164 --- [restartedMain] o.s.b.w.embedded.tomcat.TomcatWebServer  : Tomcat initialized with port(s): 8087 (http)
2020-07-14 11:12:09.395  INFO 23164 --- [restartedMain] o.apache.catalina.core.StandardService   : Starting service [Tomcat]
2020-07-14 11:12:09.396  INFO 23164 --- [restartedMain] org.apache.catalina.core.StandardEngine  : Starting Servlet engine: [Apache Tomcat/9.0.36]
2020-07-14 11:12:09.463  INFO 23164 --- [restartedMain] o.a.c.c.C.[Tomcat].[localhost].[/zjn]    : Initializing Spring embedded WebApplicationContext
2020-07-14 11:12:09.464  INFO 23164 --- [restartedMain] w.s.c.ServletWebServerApplicationContext : Root WebApplicationContext: initialization completed in 1136 ms
2020-07-14 11:12:09.649  INFO 23164 --- [restartedMain] o.s.s.concurrent.ThreadPoolTaskExecutor  : Initializing ExecutorService 'applicationTaskExecutor'
2020-07-14 11:12:09.697  INFO 23164 --- [restartedMain] o.s.b.a.w.s.WelcomePageHandlerMapping    : Adding welcome page template: index
2020-07-14 11:12:09.837  WARN 23164 --- [restartedMain] ConfigServletWebServerApplicationContext : Exception encountered during context initialization - cancelling refresh attempt: org.springframework.beans.factory.BeanCreationException: Error creating bean with name 'dataSource' defined in class path resource [org/springframework/boot/autoconfigure/jdbc/DataSourceConfiguration$Hikari.class]: Bean instantiation via factory method failed; nested exception is org.springframework.beans.BeanInstantiationException: Failed to instantiate [com.zaxxer.hikari.HikariDataSource]: Factory method 'dataSource' threw exception; nested exception is org.springframework.boot.autoconfigure.jdbc.DataSourceProperties$DataSourceBeanCreationException: Failed to determine a suitable driver class
2020-07-14 11:12:09.837  INFO 23164 --- [restartedMain] o.s.s.concurrent.ThreadPoolTaskExecutor  : Shutting down ExecutorService 'applicationTaskExecutor'
2020-07-14 11:12:09.840  INFO 23164 --- [restartedMain] o.apache.catalina.core.StandardService   : Stopping service [Tomcat]
2020-07-14 11:12:09.849  INFO 23164 --- [restartedMain] ConditionEvaluationReportLoggingListener : 

Error starting ApplicationContext. To display the conditions report re-run your application with 'debug' enabled.
2020-07-14 11:12:09.854 ERROR 23164 --- [restartedMain] o.s.b.d.LoggingFailureAnalysisReporter   : 

***************************
APPLICATION FAILED TO START
***************************

Description:

Failed to configure a DataSource: 'url' attribute is not specified and no embedded datasource could be configured.

Reason: Failed to determine a suitable driver class


Action:

Consider the following:
	If you want an embedded database (H2, HSQL or Derby), please put it on the classpath.
	If you have database settings to be loaded from a particular profile you may need to activate it (no profiles are currently active).

2020-07-14 12:34:54.168  INFO 21316 --- [restartedMain] com.example.dayone.DayoneApplication     : Starting DayoneApplication on Sam-Personal-Computer with PID 21316 (H:\dayone\target\classes started by Sam in H:\dayone)
2020-07-14 12:34:54.172 DEBUG 21316 --- [restartedMain] com.example.dayone.DayoneApplication     : Running with Spring Boot v2.3.1.RELEASE, Spring v5.2.7.RELEASE
2020-07-14 12:34:54.173  INFO 21316 --- [restartedMain] com.example.dayone.DayoneApplication     : No active profile set, falling back to default profiles: default
2020-07-14 12:34:54.291  INFO 21316 --- [restartedMain] .e.DevToolsPropertyDefaultsPostProcessor : Devtools property defaults active! Set 'spring.devtools.add-properties' to 'false' to disable
2020-07-14 12:34:54.291  INFO 21316 --- [restartedMain] .e.DevToolsPropertyDefaultsPostProcessor : For additional web related logging consider setting the 'logging.level.web' property to 'DEBUG'
2020-07-14 12:34:55.240  WARN 21316 --- [restartedMain] o.m.s.mapper.ClassPathMapperScanner      : No MyBatis mapper was found in '[com.example.dayone]' package. Please check your configuration.
2020-07-14 12:34:55.303  INFO 21316 --- [restartedMain] .s.d.r.c.RepositoryConfigurationDelegate : Multiple Spring Data modules found, entering strict repository configuration mode!
2020-07-14 12:34:55.307  INFO 21316 --- [restartedMain] .s.d.r.c.RepositoryConfigurationDelegate : Bootstrapping Spring Data Redis repositories in DEFAULT mode.
2020-07-14 12:34:55.331  INFO 21316 --- [restartedMain] .s.d.r.c.RepositoryConfigurationDelegate : Finished Spring Data repository scanning in 6ms. Found 0 Redis repository interfaces.
2020-07-14 12:34:55.967  INFO 21316 --- [restartedMain] o.s.b.w.embedded.tomcat.TomcatWebServer  : Tomcat initialized with port(s): 8087 (http)
2020-07-14 12:34:55.976  INFO 21316 --- [restartedMain] o.apache.catalina.core.StandardService   : Starting service [Tomcat]
2020-07-14 12:34:55.977  INFO 21316 --- [restartedMain] org.apache.catalina.core.StandardEngine  : Starting Servlet engine: [Apache Tomcat/9.0.36]
2020-07-14 12:34:56.070  INFO 21316 --- [restartedMain] o.a.c.c.C.[Tomcat].[localhost].[/zjn]    : Initializing Spring embedded WebApplicationContext
2020-07-14 12:34:56.070  INFO 21316 --- [restartedMain] w.s.c.ServletWebServerApplicationContext : Root WebApplicationContext: initialization completed in 1778 ms
2020-07-14 12:34:56.325  INFO 21316 --- [restartedMain] o.s.s.concurrent.ThreadPoolTaskExecutor  : Initializing ExecutorService 'applicationTaskExecutor'
2020-07-14 12:34:56.390  INFO 21316 --- [restartedMain] o.s.b.a.w.s.WelcomePageHandlerMapping    : Adding welcome page template: index
2020-07-14 12:34:56.559  WARN 21316 --- [restartedMain] ConfigServletWebServerApplicationContext : Exception encountered during context initialization - cancelling refresh attempt: org.springframework.beans.factory.BeanCreationException: Error creating bean with name 'dataSource' defined in class path resource [org/springframework/boot/autoconfigure/jdbc/DataSourceConfiguration$Hikari.class]: Bean instantiation via factory method failed; nested exception is org.springframework.beans.BeanInstantiationException: Failed to instantiate [com.zaxxer.hikari.HikariDataSource]: Factory method 'dataSource' threw exception; nested exception is org.springframework.boot.autoconfigure.jdbc.DataSourceProperties$DataSourceBeanCreationException: Failed to determine a suitable driver class
2020-07-14 12:34:56.559  INFO 21316 --- [restartedMain] o.s.s.concurrent.ThreadPoolTaskExecutor  : Shutting down ExecutorService 'applicationTaskExecutor'
2020-07-14 12:34:56.562  INFO 21316 --- [restartedMain] o.apache.catalina.core.StandardService   : Stopping service [Tomcat]
2020-07-14 12:34:56.575  INFO 21316 --- [restartedMain] ConditionEvaluationReportLoggingListener : 

Error starting ApplicationContext. To display the conditions report re-run your application with 'debug' enabled.
2020-07-14 12:34:56.581 ERROR 21316 --- [restartedMain] o.s.b.d.LoggingFailureAnalysisReporter   : 

***************************
APPLICATION FAILED TO START
***************************

Description:

Failed to configure a DataSource: 'url' attribute is not specified and no embedded datasource could be configured.

Reason: Failed to determine a suitable driver class


Action:

Consider the following:
	If you want an embedded database (H2, HSQL or Derby), please put it on the classpath.
	If you have database settings to be loaded from a particular profile you may need to activate it (no profiles are currently active).

2020-07-14 12:35:42.336  INFO 27188 --- [restartedMain] com.example.dayone.DayoneApplication     : Starting DayoneApplication on Sam-Personal-Computer with PID 27188 (H:\dayone\target\classes started by Sam in H:\dayone)
2020-07-14 12:35:42.342 DEBUG 27188 --- [restartedMain] com.example.dayone.DayoneApplication     : Running with Spring Boot v2.3.1.RELEASE, Spring v5.2.7.RELEASE
2020-07-14 12:35:42.344  INFO 27188 --- [restartedMain] com.example.dayone.DayoneApplication     : No active profile set, falling back to default profiles: default
2020-07-14 12:35:42.438  INFO 27188 --- [restartedMain] .e.DevToolsPropertyDefaultsPostProcessor : Devtools property defaults active! Set 'spring.devtools.add-properties' to 'false' to disable
2020-07-14 12:35:42.439  INFO 27188 --- [restartedMain] .e.DevToolsPropertyDefaultsPostProcessor : For additional web related logging consider setting the 'logging.level.web' property to 'DEBUG'
2020-07-14 12:35:43.359  WARN 27188 --- [restartedMain] o.m.s.mapper.ClassPathMapperScanner      : No MyBatis mapper was found in '[com.example.dayone]' package. Please check your configuration.
2020-07-14 12:35:43.415  INFO 27188 --- [restartedMain] .s.d.r.c.RepositoryConfigurationDelegate : Multiple Spring Data modules found, entering strict repository configuration mode!
2020-07-14 12:35:43.417  INFO 27188 --- [restartedMain] .s.d.r.c.RepositoryConfigurationDelegate : Bootstrapping Spring Data Redis repositories in DEFAULT mode.
2020-07-14 12:35:43.445  INFO 27188 --- [restartedMain] .s.d.r.c.RepositoryConfigurationDelegate : Finished Spring Data repository scanning in 10ms. Found 0 Redis repository interfaces.
2020-07-14 12:35:44.133  INFO 27188 --- [restartedMain] o.s.b.w.embedded.tomcat.TomcatWebServer  : Tomcat initialized with port(s): 8087 (http)
2020-07-14 12:35:44.147  INFO 27188 --- [restartedMain] o.apache.catalina.core.StandardService   : Starting service [Tomcat]
2020-07-14 12:35:44.147  INFO 27188 --- [restartedMain] org.apache.catalina.core.StandardEngine  : Starting Servlet engine: [Apache Tomcat/9.0.36]
2020-07-14 12:35:44.254  INFO 27188 --- [restartedMain] o.a.c.c.C.[Tomcat].[localhost].[/zjn]    : Initializing Spring embedded WebApplicationContext
2020-07-14 12:35:44.255  INFO 27188 --- [restartedMain] w.s.c.ServletWebServerApplicationContext : Root WebApplicationContext: initialization completed in 1816 ms
2020-07-14 12:35:44.522  INFO 27188 --- [restartedMain] o.s.s.concurrent.ThreadPoolTaskExecutor  : Initializing ExecutorService 'applicationTaskExecutor'
2020-07-14 12:35:44.589  INFO 27188 --- [restartedMain] o.s.b.a.w.s.WelcomePageHandlerMapping    : Adding welcome page template: index
2020-07-14 12:35:44.782  WARN 27188 --- [restartedMain] ConfigServletWebServerApplicationContext : Exception encountered during context initialization - cancelling refresh attempt: org.springframework.beans.factory.BeanCreationException: Error creating bean with name 'dataSource' defined in class path resource [org/springframework/boot/autoconfigure/jdbc/DataSourceConfiguration$Hikari.class]: Bean instantiation via factory method failed; nested exception is org.springframework.beans.BeanInstantiationException: Failed to instantiate [com.zaxxer.hikari.HikariDataSource]: Factory method 'dataSource' threw exception; nested exception is org.springframework.boot.autoconfigure.jdbc.DataSourceProperties$DataSourceBeanCreationException: Failed to determine a suitable driver class
2020-07-14 12:35:44.782  INFO 27188 --- [restartedMain] o.s.s.concurrent.ThreadPoolTaskExecutor  : Shutting down ExecutorService 'applicationTaskExecutor'
2020-07-14 12:35:44.785  INFO 27188 --- [restartedMain] o.apache.catalina.core.StandardService   : Stopping service [Tomcat]
2020-07-14 12:35:44.797  INFO 27188 --- [restartedMain] ConditionEvaluationReportLoggingListener : 

Error starting ApplicationContext. To display the conditions report re-run your application with 'debug' enabled.
2020-07-14 12:35:44.803 ERROR 27188 --- [restartedMain] o.s.b.d.LoggingFailureAnalysisReporter   : 

***************************
APPLICATION FAILED TO START
***************************

Description:

Failed to configure a DataSource: 'url' attribute is not specified and no embedded datasource could be configured.

Reason: Failed to determine a suitable driver class


Action:

Consider the following:
	If you want an embedded database (H2, HSQL or Derby), please put it on the classpath.
	If you have database settings to be loaded from a particular profile you may need to activate it (no profiles are currently active).

2020-07-14 12:40:08.470  INFO 3504 --- [restartedMain] com.example.dayone.DayoneApplication     : Starting DayoneApplication on Sam-Personal-Computer with PID 3504 (H:\dayone\target\classes started by Sam in H:\dayone)
2020-07-14 12:40:08.473 DEBUG 3504 --- [restartedMain] com.example.dayone.DayoneApplication     : Running with Spring Boot v2.3.1.RELEASE, Spring v5.2.7.RELEASE
2020-07-14 12:40:08.474  INFO 3504 --- [restartedMain] com.example.dayone.DayoneApplication     : No active profile set, falling back to default profiles: default
2020-07-14 12:40:08.543  INFO 3504 --- [restartedMain] .e.DevToolsPropertyDefaultsPostProcessor : Devtools property defaults active! Set 'spring.devtools.add-properties' to 'false' to disable
2020-07-14 12:40:08.543  INFO 3504 --- [restartedMain] .e.DevToolsPropertyDefaultsPostProcessor : For additional web related logging consider setting the 'logging.level.web' property to 'DEBUG'
2020-07-14 12:40:09.114  WARN 3504 --- [restartedMain] o.m.s.mapper.ClassPathMapperScanner      : No MyBatis mapper was found in '[com.example.dayone]' package. Please check your configuration.
2020-07-14 12:40:09.155  INFO 3504 --- [restartedMain] .s.d.r.c.RepositoryConfigurationDelegate : Multiple Spring Data modules found, entering strict repository configuration mode!
2020-07-14 12:40:09.157  INFO 3504 --- [restartedMain] .s.d.r.c.RepositoryConfigurationDelegate : Bootstrapping Spring Data Redis repositories in DEFAULT mode.
2020-07-14 12:40:09.174  INFO 3504 --- [restartedMain] .s.d.r.c.RepositoryConfigurationDelegate : Finished Spring Data repository scanning in 5ms. Found 0 Redis repository interfaces.
2020-07-14 12:40:09.635  INFO 3504 --- [restartedMain] o.s.b.w.embedded.tomcat.TomcatWebServer  : Tomcat initialized with port(s): 8087 (http)
2020-07-14 12:40:09.642  INFO 3504 --- [restartedMain] o.apache.catalina.core.StandardService   : Starting service [Tomcat]
2020-07-14 12:40:09.642  INFO 3504 --- [restartedMain] org.apache.catalina.core.StandardEngine  : Starting Servlet engine: [Apache Tomcat/9.0.36]
2020-07-14 12:40:09.711  INFO 3504 --- [restartedMain] o.a.c.c.C.[Tomcat].[localhost].[/zjn]    : Initializing Spring embedded WebApplicationContext
2020-07-14 12:40:09.711  INFO 3504 --- [restartedMain] w.s.c.ServletWebServerApplicationContext : Root WebApplicationContext: initialization completed in 1167 ms
2020-07-14 12:40:09.899  INFO 3504 --- [restartedMain] o.s.s.concurrent.ThreadPoolTaskExecutor  : Initializing ExecutorService 'applicationTaskExecutor'
2020-07-14 12:40:09.945  INFO 3504 --- [restartedMain] o.s.b.a.w.s.WelcomePageHandlerMapping    : Adding welcome page template: index
2020-07-14 12:40:10.074  WARN 3504 --- [restartedMain] ConfigServletWebServerApplicationContext : Exception encountered during context initialization - cancelling refresh attempt: org.springframework.beans.factory.BeanCreationException: Error creating bean with name 'dataSource' defined in class path resource [org/springframework/boot/autoconfigure/jdbc/DataSourceConfiguration$Hikari.class]: Bean instantiation via factory method failed; nested exception is org.springframework.beans.BeanInstantiationException: Failed to instantiate [com.zaxxer.hikari.HikariDataSource]: Factory method 'dataSource' threw exception; nested exception is org.springframework.boot.autoconfigure.jdbc.DataSourceProperties$DataSourceBeanCreationException: Failed to determine a suitable driver class
2020-07-14 12:40:10.075  INFO 3504 --- [restartedMain] o.s.s.concurrent.ThreadPoolTaskExecutor  : Shutting down ExecutorService 'applicationTaskExecutor'
2020-07-14 12:40:10.077  INFO 3504 --- [restartedMain] o.apache.catalina.core.StandardService   : Stopping service [Tomcat]
2020-07-14 12:40:10.087  INFO 3504 --- [restartedMain] ConditionEvaluationReportLoggingListener : 

Error starting ApplicationContext. To display the conditions report re-run your application with 'debug' enabled.
2020-07-14 12:40:10.093 ERROR 3504 --- [restartedMain] o.s.b.d.LoggingFailureAnalysisReporter   : 

***************************
APPLICATION FAILED TO START
***************************

Description:

Failed to configure a DataSource: 'url' attribute is not specified and no embedded datasource could be configured.

Reason: Failed to determine a suitable driver class


Action:

Consider the following:
	If you want an embedded database (H2, HSQL or Derby), please put it on the classpath.
	If you have database settings to be loaded from a particular profile you may need to activate it (no profiles are currently active).

2020-07-14 12:40:18.120  INFO 16292 --- [restartedMain] com.example.dayone.DayoneApplication     : Starting DayoneApplication on Sam-Personal-Computer with PID 16292 (H:\dayone\target\classes started by Sam in H:\dayone)
2020-07-14 12:40:18.122 DEBUG 16292 --- [restartedMain] com.example.dayone.DayoneApplication     : Running with Spring Boot v2.3.1.RELEASE, Spring v5.2.7.RELEASE
2020-07-14 12:40:18.122  INFO 16292 --- [restartedMain] com.example.dayone.DayoneApplication     : No active profile set, falling back to default profiles: default
2020-07-14 12:40:18.185  INFO 16292 --- [restartedMain] .e.DevToolsPropertyDefaultsPostProcessor : Devtools property defaults active! Set 'spring.devtools.add-properties' to 'false' to disable
2020-07-14 12:40:18.186  INFO 16292 --- [restartedMain] .e.DevToolsPropertyDefaultsPostProcessor : For additional web related logging consider setting the 'logging.level.web' property to 'DEBUG'
2020-07-14 12:40:18.801  WARN 16292 --- [restartedMain] o.m.s.mapper.ClassPathMapperScanner      : No MyBatis mapper was found in '[com.example.dayone]' package. Please check your configuration.
2020-07-14 12:40:18.851  INFO 16292 --- [restartedMain] .s.d.r.c.RepositoryConfigurationDelegate : Multiple Spring Data modules found, entering strict repository configuration mode!
2020-07-14 12:40:18.854  INFO 16292 --- [restartedMain] .s.d.r.c.RepositoryConfigurationDelegate : Bootstrapping Spring Data Redis repositories in DEFAULT mode.
2020-07-14 12:40:18.873  INFO 16292 --- [restartedMain] .s.d.r.c.RepositoryConfigurationDelegate : Finished Spring Data repository scanning in 5ms. Found 0 Redis repository interfaces.
2020-07-14 12:40:19.350  INFO 16292 --- [restartedMain] o.s.b.w.embedded.tomcat.TomcatWebServer  : Tomcat initialized with port(s): 8087 (http)
2020-07-14 12:40:19.358  INFO 16292 --- [restartedMain] o.apache.catalina.core.StandardService   : Starting service [Tomcat]
2020-07-14 12:40:19.358  INFO 16292 --- [restartedMain] org.apache.catalina.core.StandardEngine  : Starting Servlet engine: [Apache Tomcat/9.0.36]
2020-07-14 12:40:19.425  INFO 16292 --- [restartedMain] o.a.c.c.C.[Tomcat].[localhost].[/zjn]    : Initializing Spring embedded WebApplicationContext
2020-07-14 12:40:19.425  INFO 16292 --- [restartedMain] w.s.c.ServletWebServerApplicationContext : Root WebApplicationContext: initialization completed in 1239 ms
2020-07-14 12:40:19.605  INFO 16292 --- [restartedMain] o.s.s.concurrent.ThreadPoolTaskExecutor  : Initializing ExecutorService 'applicationTaskExecutor'
2020-07-14 12:40:19.651  INFO 16292 --- [restartedMain] o.s.b.a.w.s.WelcomePageHandlerMapping    : Adding welcome page template: index
2020-07-14 12:40:19.795  WARN 16292 --- [restartedMain] ConfigServletWebServerApplicationContext : Exception encountered during context initialization - cancelling refresh attempt: org.springframework.beans.factory.BeanCreationException: Error creating bean with name 'dataSource' defined in class path resource [org/springframework/boot/autoconfigure/jdbc/DataSourceConfiguration$Hikari.class]: Bean instantiation via factory method failed; nested exception is org.springframework.beans.BeanInstantiationException: Failed to instantiate [com.zaxxer.hikari.HikariDataSource]: Factory method 'dataSource' threw exception; nested exception is org.springframework.boot.autoconfigure.jdbc.DataSourceProperties$DataSourceBeanCreationException: Failed to determine a suitable driver class
2020-07-14 12:40:19.796  INFO 16292 --- [restartedMain] o.s.s.concurrent.ThreadPoolTaskExecutor  : Shutting down ExecutorService 'applicationTaskExecutor'
2020-07-14 12:40:19.798  INFO 16292 --- [restartedMain] o.apache.catalina.core.StandardService   : Stopping service [Tomcat]
2020-07-14 12:40:19.808  INFO 16292 --- [restartedMain] ConditionEvaluationReportLoggingListener : 

Error starting ApplicationContext. To display the conditions report re-run your application with 'debug' enabled.
2020-07-14 12:40:19.813 ERROR 16292 --- [restartedMain] o.s.b.d.LoggingFailureAnalysisReporter   : 

***************************
APPLICATION FAILED TO START
***************************

Description:

Failed to configure a DataSource: 'url' attribute is not specified and no embedded datasource could be configured.

Reason: Failed to determine a suitable driver class


Action:

Consider the following:
	If you want an embedded database (H2, HSQL or Derby), please put it on the classpath.
	If you have database settings to be loaded from a particular profile you may need to activate it (no profiles are currently active).

2020-07-14 12:41:21.198  INFO 8724 --- [restartedMain] com.example.dayone.DayoneApplication     : Starting DayoneApplication on Sam-Personal-Computer with PID 8724 (H:\dayone\target\classes started by Sam in H:\dayone)
2020-07-14 12:41:21.200 DEBUG 8724 --- [restartedMain] com.example.dayone.DayoneApplication     : Running with Spring Boot v2.3.1.RELEASE, Spring v5.2.7.RELEASE
2020-07-14 12:41:21.201  INFO 8724 --- [restartedMain] com.example.dayone.DayoneApplication     : No active profile set, falling back to default profiles: default
2020-07-14 12:41:21.257  INFO 8724 --- [restartedMain] .e.DevToolsPropertyDefaultsPostProcessor : Devtools property defaults active! Set 'spring.devtools.add-properties' to 'false' to disable
2020-07-14 12:41:21.257  INFO 8724 --- [restartedMain] .e.DevToolsPropertyDefaultsPostProcessor : For additional web related logging consider setting the 'logging.level.web' property to 'DEBUG'
2020-07-14 12:41:21.419  WARN 8724 --- [restartedMain] ConfigServletWebServerApplicationContext : Exception encountered during context initialization - cancelling refresh attempt: org.springframework.beans.factory.BeanDefinitionStoreException: Failed to parse configuration class [com.example.dayone.DayoneApplication]; nested exception is java.io.FileNotFoundException: class path resource [myconfig.properties] cannot be opened because it does not exist
2020-07-14 12:41:21.563 ERROR 8724 --- [restartedMain] o.s.boot.SpringApplication               : Application run failed

org.springframework.beans.factory.BeanDefinitionStoreException: Failed to parse configuration class [com.example.dayone.DayoneApplication]; nested exception is java.io.FileNotFoundException: class path resource [myconfig.properties] cannot be opened because it does not exist
	at org.springframework.context.annotation.ConfigurationClassParser.parse(ConfigurationClassParser.java:188) ~[spring-context-5.2.7.RELEASE.jar:5.2.7.RELEASE]
	at org.springframework.context.annotation.ConfigurationClassPostProcessor.processConfigBeanDefinitions(ConfigurationClassPostProcessor.java:319) ~[spring-context-5.2.7.RELEASE.jar:5.2.7.RELEASE]
	at org.springframework.context.annotation.ConfigurationClassPostProcessor.postProcessBeanDefinitionRegistry(ConfigurationClassPostProcessor.java:236) ~[spring-context-5.2.7.RELEASE.jar:5.2.7.RELEASE]
	at org.springframework.context.support.PostProcessorRegistrationDelegate.invokeBeanDefinitionRegistryPostProcessors(PostProcessorRegistrationDelegate.java:280) ~[spring-context-5.2.7.RELEASE.jar:5.2.7.RELEASE]
	at org.springframework.context.support.PostProcessorRegistrationDelegate.invokeBeanFactoryPostProcessors(PostProcessorRegistrationDelegate.java:96) ~[spring-context-5.2.7.RELEASE.jar:5.2.7.RELEASE]
	at org.springframework.context.support.AbstractApplicationContext.invokeBeanFactoryPostProcessors(AbstractApplicationContext.java:707) ~[spring-context-5.2.7.RELEASE.jar:5.2.7.RELEASE]
	at org.springframework.context.support.AbstractApplicationContext.refresh(AbstractApplicationContext.java:533) ~[spring-context-5.2.7.RELEASE.jar:5.2.7.RELEASE]
	at org.springframework.boot.web.servlet.context.ServletWebServerApplicationContext.refresh(ServletWebServerApplicationContext.java:143) ~[spring-boot-2.3.1.RELEASE.jar:2.3.1.RELEASE]
	at org.springframework.boot.SpringApplication.refresh(SpringApplication.java:758) [spring-boot-2.3.1.RELEASE.jar:2.3.1.RELEASE]
	at org.springframework.boot.SpringApplication.refresh(SpringApplication.java:750) [spring-boot-2.3.1.RELEASE.jar:2.3.1.RELEASE]
	at org.springframework.boot.SpringApplication.refreshContext(SpringApplication.java:397) [spring-boot-2.3.1.RELEASE.jar:2.3.1.RELEASE]
	at org.springframework.boot.SpringApplication.run(SpringApplication.java:315) [spring-boot-2.3.1.RELEASE.jar:2.3.1.RELEASE]
	at org.springframework.boot.SpringApplication.run(SpringApplication.java:1237) [spring-boot-2.3.1.RELEASE.jar:2.3.1.RELEASE]
	at org.springframework.boot.SpringApplication.run(SpringApplication.java:1226) [spring-boot-2.3.1.RELEASE.jar:2.3.1.RELEASE]
	at com.example.dayone.DayoneApplication.main(DayoneApplication.java:10) [classes/:na]
	at sun.reflect.NativeMethodAccessorImpl.invoke0(Native Method) ~[na:1.8.0_181]
	at sun.reflect.NativeMethodAccessorImpl.invoke(NativeMethodAccessorImpl.java:62) ~[na:1.8.0_181]
	at sun.reflect.DelegatingMethodAccessorImpl.invoke(DelegatingMethodAccessorImpl.java:43) ~[na:1.8.0_181]
	at java.lang.reflect.Method.invoke(Method.java:498) ~[na:1.8.0_181]
	at org.springframework.boot.devtools.restart.RestartLauncher.run(RestartLauncher.java:49) [spring-boot-devtools-2.3.1.RELEASE.jar:2.3.1.RELEASE]
Caused by: java.io.FileNotFoundException: class path resource [myconfig.properties] cannot be opened because it does not exist
	at org.springframework.core.io.ClassPathResource.getInputStream(ClassPathResource.java:180) ~[spring-core-5.2.7.RELEASE.jar:5.2.7.RELEASE]
	at org.springframework.core.io.support.EncodedResource.getInputStream(EncodedResource.java:159) ~[spring-core-5.2.7.RELEASE.jar:5.2.7.RELEASE]
	at org.springframework.core.io.support.PropertiesLoaderUtils.fillProperties(PropertiesLoaderUtils.java:99) ~[spring-core-5.2.7.RELEASE.jar:5.2.7.RELEASE]
	at org.springframework.core.io.support.PropertiesLoaderUtils.fillProperties(PropertiesLoaderUtils.java:73) ~[spring-core-5.2.7.RELEASE.jar:5.2.7.RELEASE]
	at org.springframework.core.io.support.PropertiesLoaderUtils.loadProperties(PropertiesLoaderUtils.java:59) ~[spring-core-5.2.7.RELEASE.jar:5.2.7.RELEASE]
	at org.springframework.core.io.support.ResourcePropertySource.<init>(ResourcePropertySource.java:67) ~[spring-core-5.2.7.RELEASE.jar:5.2.7.RELEASE]
	at org.springframework.core.io.support.DefaultPropertySourceFactory.createPropertySource(DefaultPropertySourceFactory.java:37) ~[spring-core-5.2.7.RELEASE.jar:5.2.7.RELEASE]
	at org.springframework.context.annotation.ConfigurationClassParser.processPropertySource(ConfigurationClassParser.java:462) ~[spring-context-5.2.7.RELEASE.jar:5.2.7.RELEASE]
	at org.springframework.context.annotation.ConfigurationClassParser.doProcessConfigurationClass(ConfigurationClassParser.java:279) ~[spring-context-5.2.7.RELEASE.jar:5.2.7.RELEASE]
	at org.springframework.context.annotation.ConfigurationClassParser.processConfigurationClass(ConfigurationClassParser.java:249) ~[spring-context-5.2.7.RELEASE.jar:5.2.7.RELEASE]
	at org.springframework.context.annotation.ConfigurationClassParser.parse(ConfigurationClassParser.java:198) ~[spring-context-5.2.7.RELEASE.jar:5.2.7.RELEASE]
	at org.springframework.context.annotation.ConfigurationClassParser.doProcessConfigurationClass(ConfigurationClassParser.java:303) ~[spring-context-5.2.7.RELEASE.jar:5.2.7.RELEASE]
	at org.springframework.context.annotation.ConfigurationClassParser.processConfigurationClass(ConfigurationClassParser.java:249) ~[spring-context-5.2.7.RELEASE.jar:5.2.7.RELEASE]
	at org.springframework.context.annotation.ConfigurationClassParser.parse(ConfigurationClassParser.java:206) ~[spring-context-5.2.7.RELEASE.jar:5.2.7.RELEASE]
	at org.springframework.context.annotation.ConfigurationClassParser.parse(ConfigurationClassParser.java:174) ~[spring-context-5.2.7.RELEASE.jar:5.2.7.RELEASE]
	... 19 common frames omitted

2020-07-14 12:42:37.244  INFO 9328 --- [restartedMain] com.example.dayone.DayoneApplication     : Starting DayoneApplication on Sam-Personal-Computer with PID 9328 (H:\dayone\target\classes started by Sam in H:\dayone)
2020-07-14 12:42:37.246 DEBUG 9328 --- [restartedMain] com.example.dayone.DayoneApplication     : Running with Spring Boot v2.3.1.RELEASE, Spring v5.2.7.RELEASE
2020-07-14 12:42:37.246  INFO 9328 --- [restartedMain] com.example.dayone.DayoneApplication     : No active profile set, falling back to default profiles: default
2020-07-14 12:42:37.307  INFO 9328 --- [restartedMain] .e.DevToolsPropertyDefaultsPostProcessor : Devtools property defaults active! Set 'spring.devtools.add-properties' to 'false' to disable
2020-07-14 12:42:37.308  INFO 9328 --- [restartedMain] .e.DevToolsPropertyDefaultsPostProcessor : For additional web related logging consider setting the 'logging.level.web' property to 'DEBUG'
2020-07-14 12:42:37.449  WARN 9328 --- [restartedMain] ConfigServletWebServerApplicationContext : Exception encountered during context initialization - cancelling refresh attempt: org.springframework.beans.factory.BeanDefinitionStoreException: Failed to parse configuration class [com.example.dayone.DayoneApplication]; nested exception is java.io.FileNotFoundException: class path resource [myconfig.properties] cannot be opened because it does not exist
2020-07-14 12:42:37.469 ERROR 9328 --- [restartedMain] o.s.boot.SpringApplication               : Application run failed

org.springframework.beans.factory.BeanDefinitionStoreException: Failed to parse configuration class [com.example.dayone.DayoneApplication]; nested exception is java.io.FileNotFoundException: class path resource [myconfig.properties] cannot be opened because it does not exist
	at org.springframework.context.annotation.ConfigurationClassParser.parse(ConfigurationClassParser.java:188) ~[spring-context-5.2.7.RELEASE.jar:5.2.7.RELEASE]
	at org.springframework.context.annotation.ConfigurationClassPostProcessor.processConfigBeanDefinitions(ConfigurationClassPostProcessor.java:319) ~[spring-context-5.2.7.RELEASE.jar:5.2.7.RELEASE]
	at org.springframework.context.annotation.ConfigurationClassPostProcessor.postProcessBeanDefinitionRegistry(ConfigurationClassPostProcessor.java:236) ~[spring-context-5.2.7.RELEASE.jar:5.2.7.RELEASE]
	at org.springframework.context.support.PostProcessorRegistrationDelegate.invokeBeanDefinitionRegistryPostProcessors(PostProcessorRegistrationDelegate.java:280) ~[spring-context-5.2.7.RELEASE.jar:5.2.7.RELEASE]
	at org.springframework.context.support.PostProcessorRegistrationDelegate.invokeBeanFactoryPostProcessors(PostProcessorRegistrationDelegate.java:96) ~[spring-context-5.2.7.RELEASE.jar:5.2.7.RELEASE]
	at org.springframework.context.support.AbstractApplicationContext.invokeBeanFactoryPostProcessors(AbstractApplicationContext.java:707) ~[spring-context-5.2.7.RELEASE.jar:5.2.7.RELEASE]
	at org.springframework.context.support.AbstractApplicationContext.refresh(AbstractApplicationContext.java:533) ~[spring-context-5.2.7.RELEASE.jar:5.2.7.RELEASE]
	at org.springframework.boot.web.servlet.context.ServletWebServerApplicationContext.refresh(ServletWebServerApplicationContext.java:143) ~[spring-boot-2.3.1.RELEASE.jar:2.3.1.RELEASE]
	at org.springframework.boot.SpringApplication.refresh(SpringApplication.java:758) [spring-boot-2.3.1.RELEASE.jar:2.3.1.RELEASE]
	at org.springframework.boot.SpringApplication.refresh(SpringApplication.java:750) [spring-boot-2.3.1.RELEASE.jar:2.3.1.RELEASE]
	at org.springframework.boot.SpringApplication.refreshContext(SpringApplication.java:397) [spring-boot-2.3.1.RELEASE.jar:2.3.1.RELEASE]
	at org.springframework.boot.SpringApplication.run(SpringApplication.java:315) [spring-boot-2.3.1.RELEASE.jar:2.3.1.RELEASE]
	at org.springframework.boot.SpringApplication.run(SpringApplication.java:1237) [spring-boot-2.3.1.RELEASE.jar:2.3.1.RELEASE]
	at org.springframework.boot.SpringApplication.run(SpringApplication.java:1226) [spring-boot-2.3.1.RELEASE.jar:2.3.1.RELEASE]
	at com.example.dayone.DayoneApplication.main(DayoneApplication.java:10) [classes/:na]
	at sun.reflect.NativeMethodAccessorImpl.invoke0(Native Method) ~[na:1.8.0_181]
	at sun.reflect.NativeMethodAccessorImpl.invoke(NativeMethodAccessorImpl.java:62) ~[na:1.8.0_181]
	at sun.reflect.DelegatingMethodAccessorImpl.invoke(DelegatingMethodAccessorImpl.java:43) ~[na:1.8.0_181]
	at java.lang.reflect.Method.invoke(Method.java:498) ~[na:1.8.0_181]
	at org.springframework.boot.devtools.restart.RestartLauncher.run(RestartLauncher.java:49) [spring-boot-devtools-2.3.1.RELEASE.jar:2.3.1.RELEASE]
Caused by: java.io.FileNotFoundException: class path resource [myconfig.properties] cannot be opened because it does not exist
	at org.springframework.core.io.ClassPathResource.getInputStream(ClassPathResource.java:180) ~[spring-core-5.2.7.RELEASE.jar:5.2.7.RELEASE]
	at org.springframework.core.io.support.EncodedResource.getInputStream(EncodedResource.java:159) ~[spring-core-5.2.7.RELEASE.jar:5.2.7.RELEASE]
	at org.springframework.core.io.support.PropertiesLoaderUtils.fillProperties(PropertiesLoaderUtils.java:99) ~[spring-core-5.2.7.RELEASE.jar:5.2.7.RELEASE]
	at org.springframework.core.io.support.PropertiesLoaderUtils.fillProperties(PropertiesLoaderUtils.java:73) ~[spring-core-5.2.7.RELEASE.jar:5.2.7.RELEASE]
	at org.springframework.core.io.support.PropertiesLoaderUtils.loadProperties(PropertiesLoaderUtils.java:59) ~[spring-core-5.2.7.RELEASE.jar:5.2.7.RELEASE]
	at org.springframework.core.io.support.ResourcePropertySource.<init>(ResourcePropertySource.java:67) ~[spring-core-5.2.7.RELEASE.jar:5.2.7.RELEASE]
	at org.springframework.core.io.support.DefaultPropertySourceFactory.createPropertySource(DefaultPropertySourceFactory.java:37) ~[spring-core-5.2.7.RELEASE.jar:5.2.7.RELEASE]
	at org.springframework.context.annotation.ConfigurationClassParser.processPropertySource(ConfigurationClassParser.java:462) ~[spring-context-5.2.7.RELEASE.jar:5.2.7.RELEASE]
	at org.springframework.context.annotation.ConfigurationClassParser.doProcessConfigurationClass(ConfigurationClassParser.java:279) ~[spring-context-5.2.7.RELEASE.jar:5.2.7.RELEASE]
	at org.springframework.context.annotation.ConfigurationClassParser.processConfigurationClass(ConfigurationClassParser.java:249) ~[spring-context-5.2.7.RELEASE.jar:5.2.7.RELEASE]
	at org.springframework.context.annotation.ConfigurationClassParser.parse(ConfigurationClassParser.java:198) ~[spring-context-5.2.7.RELEASE.jar:5.2.7.RELEASE]
	at org.springframework.context.annotation.ConfigurationClassParser.doProcessConfigurationClass(ConfigurationClassParser.java:303) ~[spring-context-5.2.7.RELEASE.jar:5.2.7.RELEASE]
	at org.springframework.context.annotation.ConfigurationClassParser.processConfigurationClass(ConfigurationClassParser.java:249) ~[spring-context-5.2.7.RELEASE.jar:5.2.7.RELEASE]
	at org.springframework.context.annotation.ConfigurationClassParser.parse(ConfigurationClassParser.java:206) ~[spring-context-5.2.7.RELEASE.jar:5.2.7.RELEASE]
	at org.springframework.context.annotation.ConfigurationClassParser.parse(ConfigurationClassParser.java:174) ~[spring-context-5.2.7.RELEASE.jar:5.2.7.RELEASE]
	... 19 common frames omitted

2020-07-14 12:43:15.882  INFO 32924 --- [restartedMain] com.example.dayone.DayoneApplication     : Starting DayoneApplication on Sam-Personal-Computer with PID 32924 (H:\dayone\target\classes started by Sam in H:\dayone)
2020-07-14 12:43:15.885 DEBUG 32924 --- [restartedMain] com.example.dayone.DayoneApplication     : Running with Spring Boot v2.3.1.RELEASE, Spring v5.2.7.RELEASE
2020-07-14 12:43:15.885  INFO 32924 --- [restartedMain] com.example.dayone.DayoneApplication     : No active profile set, falling back to default profiles: default
2020-07-14 12:43:15.948  INFO 32924 --- [restartedMain] .e.DevToolsPropertyDefaultsPostProcessor : Devtools property defaults active! Set 'spring.devtools.add-properties' to 'false' to disable
2020-07-14 12:43:15.948  INFO 32924 --- [restartedMain] .e.DevToolsPropertyDefaultsPostProcessor : For additional web related logging consider setting the 'logging.level.web' property to 'DEBUG'
2020-07-14 12:43:16.091  WARN 32924 --- [restartedMain] ConfigServletWebServerApplicationContext : Exception encountered during context initialization - cancelling refresh attempt: org.springframework.beans.factory.BeanDefinitionStoreException: Failed to parse configuration class [com.example.dayone.DayoneApplication]; nested exception is java.io.FileNotFoundException: class path resource [myconfig.properties] cannot be opened because it does not exist
2020-07-14 12:43:16.112 ERROR 32924 --- [restartedMain] o.s.boot.SpringApplication               : Application run failed

org.springframework.beans.factory.BeanDefinitionStoreException: Failed to parse configuration class [com.example.dayone.DayoneApplication]; nested exception is java.io.FileNotFoundException: class path resource [myconfig.properties] cannot be opened because it does not exist
	at org.springframework.context.annotation.ConfigurationClassParser.parse(ConfigurationClassParser.java:188) ~[spring-context-5.2.7.RELEASE.jar:5.2.7.RELEASE]
	at org.springframework.context.annotation.ConfigurationClassPostProcessor.processConfigBeanDefinitions(ConfigurationClassPostProcessor.java:319) ~[spring-context-5.2.7.RELEASE.jar:5.2.7.RELEASE]
	at org.springframework.context.annotation.ConfigurationClassPostProcessor.postProcessBeanDefinitionRegistry(ConfigurationClassPostProcessor.java:236) ~[spring-context-5.2.7.RELEASE.jar:5.2.7.RELEASE]
	at org.springframework.context.support.PostProcessorRegistrationDelegate.invokeBeanDefinitionRegistryPostProcessors(PostProcessorRegistrationDelegate.java:280) ~[spring-context-5.2.7.RELEASE.jar:5.2.7.RELEASE]
	at org.springframework.context.support.PostProcessorRegistrationDelegate.invokeBeanFactoryPostProcessors(PostProcessorRegistrationDelegate.java:96) ~[spring-context-5.2.7.RELEASE.jar:5.2.7.RELEASE]
	at org.springframework.context.support.AbstractApplicationContext.invokeBeanFactoryPostProcessors(AbstractApplicationContext.java:707) ~[spring-context-5.2.7.RELEASE.jar:5.2.7.RELEASE]
	at org.springframework.context.support.AbstractApplicationContext.refresh(AbstractApplicationContext.java:533) ~[spring-context-5.2.7.RELEASE.jar:5.2.7.RELEASE]
	at org.springframework.boot.web.servlet.context.ServletWebServerApplicationContext.refresh(ServletWebServerApplicationContext.java:143) ~[spring-boot-2.3.1.RELEASE.jar:2.3.1.RELEASE]
	at org.springframework.boot.SpringApplication.refresh(SpringApplication.java:758) [spring-boot-2.3.1.RELEASE.jar:2.3.1.RELEASE]
	at org.springframework.boot.SpringApplication.refresh(SpringApplication.java:750) [spring-boot-2.3.1.RELEASE.jar:2.3.1.RELEASE]
	at org.springframework.boot.SpringApplication.refreshContext(SpringApplication.java:397) [spring-boot-2.3.1.RELEASE.jar:2.3.1.RELEASE]
	at org.springframework.boot.SpringApplication.run(SpringApplication.java:315) [spring-boot-2.3.1.RELEASE.jar:2.3.1.RELEASE]
	at org.springframework.boot.SpringApplication.run(SpringApplication.java:1237) [spring-boot-2.3.1.RELEASE.jar:2.3.1.RELEASE]
	at org.springframework.boot.SpringApplication.run(SpringApplication.java:1226) [spring-boot-2.3.1.RELEASE.jar:2.3.1.RELEASE]
	at com.example.dayone.DayoneApplication.main(DayoneApplication.java:10) [classes/:na]
	at sun.reflect.NativeMethodAccessorImpl.invoke0(Native Method) ~[na:1.8.0_181]
	at sun.reflect.NativeMethodAccessorImpl.invoke(NativeMethodAccessorImpl.java:62) ~[na:1.8.0_181]
	at sun.reflect.DelegatingMethodAccessorImpl.invoke(DelegatingMethodAccessorImpl.java:43) ~[na:1.8.0_181]
	at java.lang.reflect.Method.invoke(Method.java:498) ~[na:1.8.0_181]
	at org.springframework.boot.devtools.restart.RestartLauncher.run(RestartLauncher.java:49) [spring-boot-devtools-2.3.1.RELEASE.jar:2.3.1.RELEASE]
Caused by: java.io.FileNotFoundException: class path resource [myconfig.properties] cannot be opened because it does not exist
	at org.springframework.core.io.ClassPathResource.getInputStream(ClassPathResource.java:180) ~[spring-core-5.2.7.RELEASE.jar:5.2.7.RELEASE]
	at org.springframework.core.io.support.EncodedResource.getInputStream(EncodedResource.java:159) ~[spring-core-5.2.7.RELEASE.jar:5.2.7.RELEASE]
	at org.springframework.core.io.support.PropertiesLoaderUtils.fillProperties(PropertiesLoaderUtils.java:99) ~[spring-core-5.2.7.RELEASE.jar:5.2.7.RELEASE]
	at org.springframework.core.io.support.PropertiesLoaderUtils.fillProperties(PropertiesLoaderUtils.java:73) ~[spring-core-5.2.7.RELEASE.jar:5.2.7.RELEASE]
	at org.springframework.core.io.support.PropertiesLoaderUtils.loadProperties(PropertiesLoaderUtils.java:59) ~[spring-core-5.2.7.RELEASE.jar:5.2.7.RELEASE]
	at org.springframework.core.io.support.ResourcePropertySource.<init>(ResourcePropertySource.java:67) ~[spring-core-5.2.7.RELEASE.jar:5.2.7.RELEASE]
	at org.springframework.core.io.support.DefaultPropertySourceFactory.createPropertySource(DefaultPropertySourceFactory.java:37) ~[spring-core-5.2.7.RELEASE.jar:5.2.7.RELEASE]
	at org.springframework.context.annotation.ConfigurationClassParser.processPropertySource(ConfigurationClassParser.java:462) ~[spring-context-5.2.7.RELEASE.jar:5.2.7.RELEASE]
	at org.springframework.context.annotation.ConfigurationClassParser.doProcessConfigurationClass(ConfigurationClassParser.java:279) ~[spring-context-5.2.7.RELEASE.jar:5.2.7.RELEASE]
	at org.springframework.context.annotation.ConfigurationClassParser.processConfigurationClass(ConfigurationClassParser.java:249) ~[spring-context-5.2.7.RELEASE.jar:5.2.7.RELEASE]
	at org.springframework.context.annotation.ConfigurationClassParser.parse(ConfigurationClassParser.java:198) ~[spring-context-5.2.7.RELEASE.jar:5.2.7.RELEASE]
	at org.springframework.context.annotation.ConfigurationClassParser.doProcessConfigurationClass(ConfigurationClassParser.java:303) ~[spring-context-5.2.7.RELEASE.jar:5.2.7.RELEASE]
	at org.springframework.context.annotation.ConfigurationClassParser.processConfigurationClass(ConfigurationClassParser.java:249) ~[spring-context-5.2.7.RELEASE.jar:5.2.7.RELEASE]
	at org.springframework.context.annotation.ConfigurationClassParser.parse(ConfigurationClassParser.java:206) ~[spring-context-5.2.7.RELEASE.jar:5.2.7.RELEASE]
	at org.springframework.context.annotation.ConfigurationClassParser.parse(ConfigurationClassParser.java:174) ~[spring-context-5.2.7.RELEASE.jar:5.2.7.RELEASE]
	... 19 common frames omitted

2020-07-14 12:44:26.888  INFO 22732 --- [restartedMain] com.example.dayone.DayoneApplication     : Starting DayoneApplication on Sam-Personal-Computer with PID 22732 (H:\dayone\target\classes started by Sam in H:\dayone)
2020-07-14 12:44:26.892 DEBUG 22732 --- [restartedMain] com.example.dayone.DayoneApplication     : Running with Spring Boot v2.3.1.RELEASE, Spring v5.2.7.RELEASE
2020-07-14 12:44:26.893  INFO 22732 --- [restartedMain] com.example.dayone.DayoneApplication     : No active profile set, falling back to default profiles: default
2020-07-14 12:44:26.967  INFO 22732 --- [restartedMain] .e.DevToolsPropertyDefaultsPostProcessor : Devtools property defaults active! Set 'spring.devtools.add-properties' to 'false' to disable
2020-07-14 12:44:26.968  INFO 22732 --- [restartedMain] .e.DevToolsPropertyDefaultsPostProcessor : For additional web related logging consider setting the 'logging.level.web' property to 'DEBUG'
2020-07-14 12:44:27.685  WARN 22732 --- [restartedMain] o.m.s.mapper.ClassPathMapperScanner      : No MyBatis mapper was found in '[com.example.dayone]' package. Please check your configuration.
2020-07-14 12:44:27.727  INFO 22732 --- [restartedMain] .s.d.r.c.RepositoryConfigurationDelegate : Multiple Spring Data modules found, entering strict repository configuration mode!
2020-07-14 12:44:27.729  INFO 22732 --- [restartedMain] .s.d.r.c.RepositoryConfigurationDelegate : Bootstrapping Spring Data Redis repositories in DEFAULT mode.
2020-07-14 12:44:27.746  INFO 22732 --- [restartedMain] .s.d.r.c.RepositoryConfigurationDelegate : Finished Spring Data repository scanning in 4ms. Found 0 Redis repository interfaces.
2020-07-14 12:44:28.259  INFO 22732 --- [restartedMain] o.s.b.w.embedded.tomcat.TomcatWebServer  : Tomcat initialized with port(s): 8087 (http)
2020-07-14 12:44:28.266  INFO 22732 --- [restartedMain] o.apache.catalina.core.StandardService   : Starting service [Tomcat]
2020-07-14 12:44:28.266  INFO 22732 --- [restartedMain] org.apache.catalina.core.StandardEngine  : Starting Servlet engine: [Apache Tomcat/9.0.36]
2020-07-14 12:44:28.339  INFO 22732 --- [restartedMain] o.a.c.c.C.[Tomcat].[localhost].[/zjn]    : Initializing Spring embedded WebApplicationContext
2020-07-14 12:44:28.340  INFO 22732 --- [restartedMain] w.s.c.ServletWebServerApplicationContext : Root WebApplicationContext: initialization completed in 1372 ms
2020-07-14 12:44:28.512  INFO 22732 --- [restartedMain] o.s.s.concurrent.ThreadPoolTaskExecutor  : Initializing ExecutorService 'applicationTaskExecutor'
2020-07-14 12:44:28.560  INFO 22732 --- [restartedMain] o.s.b.a.w.s.WelcomePageHandlerMapping    : Adding welcome page template: index
2020-07-14 12:44:28.616  WARN 22732 --- [restartedMain] ConfigServletWebServerApplicationContext : Exception encountered during context initialization - cancelling refresh attempt: org.springframework.beans.factory.BeanCreationException: Error creating bean with name 'dataSource' defined in class path resource [org/springframework/boot/autoconfigure/jdbc/DataSourceConfiguration$Hikari.class]: Bean instantiation via factory method failed; nested exception is org.springframework.beans.BeanInstantiationException: Failed to instantiate [com.zaxxer.hikari.HikariDataSource]: Factory method 'dataSource' threw exception; nested exception is org.springframework.boot.autoconfigure.jdbc.DataSourceProperties$DataSourceBeanCreationException: Failed to determine a suitable driver class
2020-07-14 12:44:28.617  INFO 22732 --- [restartedMain] o.s.s.concurrent.ThreadPoolTaskExecutor  : Shutting down ExecutorService 'applicationTaskExecutor'
2020-07-14 12:44:28.619  INFO 22732 --- [restartedMain] o.apache.catalina.core.StandardService   : Stopping service [Tomcat]
2020-07-14 12:44:28.628  INFO 22732 --- [restartedMain] ConditionEvaluationReportLoggingListener : 

Error starting ApplicationContext. To display the conditions report re-run your application with 'debug' enabled.
2020-07-14 12:44:28.633 ERROR 22732 --- [restartedMain] o.s.b.d.LoggingFailureAnalysisReporter   : 

***************************
APPLICATION FAILED TO START
***************************

Description:

Failed to configure a DataSource: 'url' attribute is not specified and no embedded datasource could be configured.

Reason: Failed to determine a suitable driver class


Action:

Consider the following:
	If you want an embedded database (H2, HSQL or Derby), please put it on the classpath.
	If you have database settings to be loaded from a particular profile you may need to activate it (no profiles are currently active).

2020-07-14 12:45:26.422  INFO 35940 --- [restartedMain] com.example.dayone.DayoneApplication     : Starting DayoneApplication on Sam-Personal-Computer with PID 35940 (H:\dayone\target\classes started by Sam in H:\dayone)
2020-07-14 12:45:26.425 DEBUG 35940 --- [restartedMain] com.example.dayone.DayoneApplication     : Running with Spring Boot v2.3.1.RELEASE, Spring v5.2.7.RELEASE
2020-07-14 12:45:26.426  INFO 35940 --- [restartedMain] com.example.dayone.DayoneApplication     : No active profile set, falling back to default profiles: default
2020-07-14 12:45:26.477  INFO 35940 --- [restartedMain] .e.DevToolsPropertyDefaultsPostProcessor : Devtools property defaults active! Set 'spring.devtools.add-properties' to 'false' to disable
2020-07-14 12:45:26.478  INFO 35940 --- [restartedMain] .e.DevToolsPropertyDefaultsPostProcessor : For additional web related logging consider setting the 'logging.level.web' property to 'DEBUG'
2020-07-14 12:45:27.361  INFO 35940 --- [restartedMain] o.s.b.w.embedded.tomcat.TomcatWebServer  : Tomcat initialized with port(s): 8087 (http)
2020-07-14 12:45:27.367  INFO 35940 --- [restartedMain] o.apache.catalina.core.StandardService   : Starting service [Tomcat]
2020-07-14 12:45:27.367  INFO 35940 --- [restartedMain] org.apache.catalina.core.StandardEngine  : Starting Servlet engine: [Apache Tomcat/9.0.36]
2020-07-14 12:45:27.431  INFO 35940 --- [restartedMain] o.a.c.c.C.[Tomcat].[localhost].[/zjn]    : Initializing Spring embedded WebApplicationContext
2020-07-14 12:45:27.431  INFO 35940 --- [restartedMain] w.s.c.ServletWebServerApplicationContext : Root WebApplicationContext: initialization completed in 953 ms
2020-07-14 12:45:27.560  INFO 35940 --- [restartedMain] o.s.s.concurrent.ThreadPoolTaskExecutor  : Initializing ExecutorService 'applicationTaskExecutor'
2020-07-14 12:45:27.662  INFO 35940 --- [restartedMain] o.s.b.d.a.OptionalLiveReloadServer       : LiveReload server is running on port 35729
2020-07-14 12:45:27.688  INFO 35940 --- [restartedMain] o.s.b.w.embedded.tomcat.TomcatWebServer  : Tomcat started on port(s): 8087 (http) with context path '/zjn'
2020-07-14 12:45:27.696  INFO 35940 --- [restartedMain] com.example.dayone.DayoneApplication     : Started DayoneApplication in 1.702 seconds (JVM running for 2.583)
2020-07-14 12:45:45.385  INFO 35940 --- [http-nio-8087-exec-1] o.a.c.c.C.[Tomcat].[localhost].[/zjn]    : Initializing Spring DispatcherServlet 'dispatcherServlet'
2020-07-14 12:45:45.386  INFO 35940 --- [http-nio-8087-exec-1] o.s.web.servlet.DispatcherServlet        : Initializing Servlet 'dispatcherServlet'
2020-07-14 12:45:45.390  INFO 35940 --- [http-nio-8087-exec-1] o.s.web.servlet.DispatcherServlet        : Completed initialization in 4 ms
2020-07-14 12:45:49.270 ERROR 35940 --- [http-nio-8087-exec-2] c.e.dayone.controller.IndexController    : error
2020-07-14 12:45:49.270  INFO 35940 --- [http-nio-8087-exec-2] c.e.dayone.controller.IndexController    : info
2020-07-14 12:45:49.271  WARN 35940 --- [http-nio-8087-exec-2] c.e.dayone.controller.IndexController    : warn
2020-07-14 12:45:49.271 DEBUG 35940 --- [http-nio-8087-exec-2] c.e.dayone.controller.IndexController    : debug
2020-07-14 12:45:49.271 TRACE 35940 --- [http-nio-8087-exec-2] c.e.dayone.controller.IndexController    : trace
2020-07-14 12:47:36.378  INFO 21660 --- [restartedMain] com.example.dayone.DayoneApplication     : Starting DayoneApplication on Sam-Personal-Computer with PID 21660 (H:\dayone\target\classes started by Sam in H:\dayone)
2020-07-14 12:47:36.383 DEBUG 21660 --- [restartedMain] com.example.dayone.DayoneApplication     : Running with Spring Boot v2.3.1.RELEASE, Spring v5.2.7.RELEASE
2020-07-14 12:47:36.383  INFO 21660 --- [restartedMain] com.example.dayone.DayoneApplication     : No active profile set, falling back to default profiles: default
2020-07-14 12:47:36.433  INFO 21660 --- [restartedMain] .e.DevToolsPropertyDefaultsPostProcessor : Devtools property defaults active! Set 'spring.devtools.add-properties' to 'false' to disable
2020-07-14 12:47:36.434  INFO 21660 --- [restartedMain] .e.DevToolsPropertyDefaultsPostProcessor : For additional web related logging consider setting the 'logging.level.web' property to 'DEBUG'
2020-07-14 12:47:37.251  INFO 21660 --- [restartedMain] o.s.b.w.embedded.tomcat.TomcatWebServer  : Tomcat initialized with port(s): 8087 (http)
2020-07-14 12:47:37.258  INFO 21660 --- [restartedMain] o.apache.catalina.core.StandardService   : Starting service [Tomcat]
2020-07-14 12:47:37.258  INFO 21660 --- [restartedMain] org.apache.catalina.core.StandardEngine  : Starting Servlet engine: [Apache Tomcat/9.0.36]
2020-07-14 12:47:37.316  INFO 21660 --- [restartedMain] o.a.c.c.C.[Tomcat].[localhost].[/zjn]    : Initializing Spring embedded WebApplicationContext
2020-07-14 12:47:37.316  INFO 21660 --- [restartedMain] w.s.c.ServletWebServerApplicationContext : Root WebApplicationContext: initialization completed in 882 ms
2020-07-14 12:47:37.457  INFO 21660 --- [restartedMain] o.s.s.concurrent.ThreadPoolTaskExecutor  : Initializing ExecutorService 'applicationTaskExecutor'
2020-07-14 12:47:37.501  INFO 21660 --- [restartedMain] o.s.b.a.w.s.WelcomePageHandlerMapping    : Adding welcome page template: index
2020-07-14 12:47:37.579  INFO 21660 --- [restartedMain] o.s.b.d.a.OptionalLiveReloadServer       : LiveReload server is running on port 35729
2020-07-14 12:47:37.608  INFO 21660 --- [restartedMain] o.s.b.w.embedded.tomcat.TomcatWebServer  : Tomcat started on port(s): 8087 (http) with context path '/zjn'
2020-07-14 12:47:37.617  INFO 21660 --- [restartedMain] com.example.dayone.DayoneApplication     : Started DayoneApplication in 1.664 seconds (JVM running for 2.554)
2020-07-14 13:03:08.663  INFO 12884 --- [restartedMain] com.example.dayone.DayoneApplication     : Starting DayoneApplication on Sam-Personal-Computer with PID 12884 (H:\dayone\target\classes started by Sam in H:\dayone)
2020-07-14 13:03:08.666 DEBUG 12884 --- [restartedMain] com.example.dayone.DayoneApplication     : Running with Spring Boot v2.3.1.RELEASE, Spring v5.2.7.RELEASE
2020-07-14 13:03:08.668  INFO 12884 --- [restartedMain] com.example.dayone.DayoneApplication     : No active profile set, falling back to default profiles: default
2020-07-14 13:03:08.737  INFO 12884 --- [restartedMain] .e.DevToolsPropertyDefaultsPostProcessor : Devtools property defaults active! Set 'spring.devtools.add-properties' to 'false' to disable
2020-07-14 13:03:08.737  INFO 12884 --- [restartedMain] .e.DevToolsPropertyDefaultsPostProcessor : For additional web related logging consider setting the 'logging.level.web' property to 'DEBUG'
2020-07-14 13:03:09.921  INFO 12884 --- [restartedMain] o.s.b.w.embedded.tomcat.TomcatWebServer  : Tomcat initialized with port(s): 8087 (http)
2020-07-14 13:03:09.930  INFO 12884 --- [restartedMain] o.apache.catalina.core.StandardService   : Starting service [Tomcat]
2020-07-14 13:03:09.930  INFO 12884 --- [restartedMain] org.apache.catalina.core.StandardEngine  : Starting Servlet engine: [Apache Tomcat/9.0.36]
2020-07-14 13:03:10.030  INFO 12884 --- [restartedMain] o.a.c.c.C.[Tomcat].[localhost].[/zjn]    : Initializing Spring embedded WebApplicationContext
2020-07-14 13:03:10.030  INFO 12884 --- [restartedMain] w.s.c.ServletWebServerApplicationContext : Root WebApplicationContext: initialization completed in 1292 ms
2020-07-14 13:03:10.220  INFO 12884 --- [restartedMain] o.s.s.concurrent.ThreadPoolTaskExecutor  : Initializing ExecutorService 'applicationTaskExecutor'
2020-07-14 13:03:10.282  INFO 12884 --- [restartedMain] o.s.b.a.w.s.WelcomePageHandlerMapping    : Adding welcome page template: index
2020-07-14 13:03:10.399  INFO 12884 --- [restartedMain] o.s.b.d.a.OptionalLiveReloadServer       : LiveReload server is running on port 35729
2020-07-14 13:03:10.441  INFO 12884 --- [restartedMain] o.s.b.w.embedded.tomcat.TomcatWebServer  : Tomcat started on port(s): 8087 (http) with context path '/zjn'
2020-07-14 13:03:10.466  INFO 12884 --- [restartedMain] com.example.dayone.DayoneApplication     : Started DayoneApplication in 2.448 seconds (JVM running for 3.517)
2020-07-14 13:03:39.193  INFO 12884 --- [http-nio-8087-exec-1] o.a.c.c.C.[Tomcat].[localhost].[/zjn]    : Initializing Spring DispatcherServlet 'dispatcherServlet'
2020-07-14 13:03:39.193  INFO 12884 --- [http-nio-8087-exec-1] o.s.web.servlet.DispatcherServlet        : Initializing Servlet 'dispatcherServlet'
2020-07-14 13:03:39.200  INFO 12884 --- [http-nio-8087-exec-1] o.s.web.servlet.DispatcherServlet        : Completed initialization in 7 ms
2020-07-14 13:18:21.912  INFO 12884 --- [Thread-133] o.s.s.concurrent.ThreadPoolTaskExecutor  : Shutting down ExecutorService 'applicationTaskExecutor'
2020-07-14 13:18:22.199  INFO 12884 --- [restartedMain] com.example.dayone.DayoneApplication     : Starting DayoneApplication on Sam-Personal-Computer with PID 12884 (H:\dayone\target\classes started by Sam in H:\dayone)
2020-07-14 13:18:22.199 DEBUG 12884 --- [restartedMain] com.example.dayone.DayoneApplication     : Running with Spring Boot v2.3.1.RELEASE, Spring v5.2.7.RELEASE
2020-07-14 13:18:22.200  INFO 12884 --- [restartedMain] com.example.dayone.DayoneApplication     : No active profile set, falling back to default profiles: default
2020-07-14 13:18:22.764  INFO 12884 --- [restartedMain] o.s.b.w.embedded.tomcat.TomcatWebServer  : Tomcat initialized with port(s): 8087 (http)
2020-07-14 13:18:22.765  INFO 12884 --- [restartedMain] o.apache.catalina.core.StandardService   : Starting service [Tomcat]
2020-07-14 13:18:22.765  INFO 12884 --- [restartedMain] org.apache.catalina.core.StandardEngine  : Starting Servlet engine: [Apache Tomcat/9.0.36]
2020-07-14 13:18:22.801  INFO 12884 --- [restartedMain] o.a.c.c.C.[Tomcat].[localhost].[/]       : Initializing Spring embedded WebApplicationContext
2020-07-14 13:18:22.802  INFO 12884 --- [restartedMain] w.s.c.ServletWebServerApplicationContext : Root WebApplicationContext: initialization completed in 597 ms
2020-07-14 13:18:22.882  INFO 12884 --- [restartedMain] o.s.s.concurrent.ThreadPoolTaskExecutor  : Initializing ExecutorService 'applicationTaskExecutor'
2020-07-14 13:18:22.899  INFO 12884 --- [restartedMain] o.s.b.a.w.s.WelcomePageHandlerMapping    : Adding welcome page template: index
2020-07-14 13:18:22.950  INFO 12884 --- [restartedMain] o.s.b.d.a.OptionalLiveReloadServer       : LiveReload server is running on port 35729
2020-07-14 13:18:22.967  INFO 12884 --- [restartedMain] o.s.b.w.embedded.tomcat.TomcatWebServer  : Tomcat started on port(s): 8087 (http) with context path ''
2020-07-14 13:18:22.976  INFO 12884 --- [restartedMain] com.example.dayone.DayoneApplication     : Started DayoneApplication in 0.834 seconds (JVM running for 916.026)
2020-07-14 13:18:22.981  INFO 12884 --- [restartedMain] .ConditionEvaluationDeltaLoggingListener : Condition evaluation unchanged
2020-07-14 13:18:30.451  INFO 12884 --- [http-nio-8087-exec-1] o.a.c.c.C.[Tomcat].[localhost].[/]       : Initializing Spring DispatcherServlet 'dispatcherServlet'
2020-07-14 13:18:30.452  INFO 12884 --- [http-nio-8087-exec-1] o.s.web.servlet.DispatcherServlet        : Initializing Servlet 'dispatcherServlet'
2020-07-14 13:18:30.463  INFO 12884 --- [http-nio-8087-exec-1] o.s.web.servlet.DispatcherServlet        : Completed initialization in 11 ms
2020-07-14 14:25:21.653  INFO 30128 --- [restartedMain] com.example.dayone.DayoneApplication     : Starting DayoneApplication on Sam-Personal-Computer with PID 30128 (H:\dayone\target\classes started by Sam in H:\dayone)
2020-07-14 14:25:21.656 DEBUG 30128 --- [restartedMain] com.example.dayone.DayoneApplication     : Running with Spring Boot v2.3.1.RELEASE, Spring v5.2.7.RELEASE
2020-07-14 14:25:21.656  INFO 30128 --- [restartedMain] com.example.dayone.DayoneApplication     : No active profile set, falling back to default profiles: default
2020-07-14 14:25:21.714  INFO 30128 --- [restartedMain] .e.DevToolsPropertyDefaultsPostProcessor : Devtools property defaults active! Set 'spring.devtools.add-properties' to 'false' to disable
2020-07-14 14:25:21.714  INFO 30128 --- [restartedMain] .e.DevToolsPropertyDefaultsPostProcessor : For additional web related logging consider setting the 'logging.level.web' property to 'DEBUG'
2020-07-14 14:25:22.585  INFO 30128 --- [restartedMain] o.s.b.w.embedded.tomcat.TomcatWebServer  : Tomcat initialized with port(s): 8087 (http)
2020-07-14 14:25:22.593  INFO 30128 --- [restartedMain] o.apache.catalina.core.StandardService   : Starting service [Tomcat]
2020-07-14 14:25:22.593  INFO 30128 --- [restartedMain] org.apache.catalina.core.StandardEngine  : Starting Servlet engine: [Apache Tomcat/9.0.36]
2020-07-14 14:25:22.664  INFO 30128 --- [restartedMain] o.a.c.c.C.[Tomcat].[localhost].[/]       : Initializing Spring embedded WebApplicationContext
2020-07-14 14:25:22.664  INFO 30128 --- [restartedMain] w.s.c.ServletWebServerApplicationContext : Root WebApplicationContext: initialization completed in 950 ms
2020-07-14 14:25:22.815  INFO 30128 --- [restartedMain] o.s.s.concurrent.ThreadPoolTaskExecutor  : Initializing ExecutorService 'applicationTaskExecutor'
2020-07-14 14:25:22.873  INFO 30128 --- [restartedMain] o.s.b.a.w.s.WelcomePageHandlerMapping    : Adding welcome page template: index
2020-07-14 14:25:22.966  INFO 30128 --- [restartedMain] o.s.b.d.a.OptionalLiveReloadServer       : LiveReload server is running on port 35729
2020-07-14 14:25:22.995  INFO 30128 --- [restartedMain] o.s.b.w.embedded.tomcat.TomcatWebServer  : Tomcat started on port(s): 8087 (http) with context path ''
2020-07-14 14:25:23.005  INFO 30128 --- [restartedMain] com.example.dayone.DayoneApplication     : Started DayoneApplication in 1.841 seconds (JVM running for 2.807)
2020-07-14 14:25:35.692  INFO 30128 --- [http-nio-8087-exec-1] o.a.c.c.C.[Tomcat].[localhost].[/]       : Initializing Spring DispatcherServlet 'dispatcherServlet'
2020-07-14 14:25:35.692  INFO 30128 --- [http-nio-8087-exec-1] o.s.web.servlet.DispatcherServlet        : Initializing Servlet 'dispatcherServlet'
2020-07-14 14:25:35.696  INFO 30128 --- [http-nio-8087-exec-1] o.s.web.servlet.DispatcherServlet        : Completed initialization in 4 ms
2020-07-14 14:25:35.811  WARN 30128 --- [http-nio-8087-exec-1] .w.s.m.s.DefaultHandlerExceptionResolver : Resolved [org.springframework.web.HttpRequestMethodNotSupportedException: Request method 'GET' not supported]
2020-07-14 14:31:35.726  INFO 30128 --- [Thread-132] o.s.s.concurrent.ThreadPoolTaskExecutor  : Shutting down ExecutorService 'applicationTaskExecutor'
2020-07-14 14:31:35.911  INFO 30128 --- [restartedMain] com.example.dayone.DayoneApplication     : Starting DayoneApplication on Sam-Personal-Computer with PID 30128 (H:\dayone\target\classes started by Sam in H:\dayone)
2020-07-14 14:31:35.911 DEBUG 30128 --- [restartedMain] com.example.dayone.DayoneApplication     : Running with Spring Boot v2.3.1.RELEASE, Spring v5.2.7.RELEASE
2020-07-14 14:31:35.911  INFO 30128 --- [restartedMain] com.example.dayone.DayoneApplication     : No active profile set, falling back to default profiles: default
2020-07-14 14:31:36.229  INFO 30128 --- [restartedMain] o.s.b.w.embedded.tomcat.TomcatWebServer  : Tomcat initialized with port(s): 8087 (http)
2020-07-14 14:31:36.230  INFO 30128 --- [restartedMain] o.apache.catalina.core.StandardService   : Starting service [Tomcat]
2020-07-14 14:31:36.230  INFO 30128 --- [restartedMain] org.apache.catalina.core.StandardEngine  : Starting Servlet engine: [Apache Tomcat/9.0.36]
2020-07-14 14:31:36.247  INFO 30128 --- [restartedMain] o.a.c.c.C.[Tomcat].[localhost].[/]       : Initializing Spring embedded WebApplicationContext
2020-07-14 14:31:36.247  INFO 30128 --- [restartedMain] w.s.c.ServletWebServerApplicationContext : Root WebApplicationContext: initialization completed in 334 ms
2020-07-14 14:31:36.309  INFO 30128 --- [restartedMain] o.s.s.concurrent.ThreadPoolTaskExecutor  : Initializing ExecutorService 'applicationTaskExecutor'
2020-07-14 14:31:36.323  INFO 30128 --- [restartedMain] o.s.b.a.w.s.WelcomePageHandlerMapping    : Adding welcome page template: index
2020-07-14 14:31:36.360  INFO 30128 --- [restartedMain] o.s.b.d.a.OptionalLiveReloadServer       : LiveReload server is running on port 35729
2020-07-14 14:31:36.372  INFO 30128 --- [restartedMain] o.s.b.w.embedded.tomcat.TomcatWebServer  : Tomcat started on port(s): 8087 (http) with context path ''
2020-07-14 14:31:36.374  INFO 30128 --- [restartedMain] com.example.dayone.DayoneApplication     : Started DayoneApplication in 0.491 seconds (JVM running for 376.178)
2020-07-14 14:31:36.376  INFO 30128 --- [restartedMain] .ConditionEvaluationDeltaLoggingListener : Condition evaluation unchanged
2020-07-14 14:31:44.164  INFO 30128 --- [http-nio-8087-exec-1] o.a.c.c.C.[Tomcat].[localhost].[/]       : Initializing Spring DispatcherServlet 'dispatcherServlet'
2020-07-14 14:31:44.165  INFO 30128 --- [http-nio-8087-exec-1] o.s.web.servlet.DispatcherServlet        : Initializing Servlet 'dispatcherServlet'
2020-07-14 14:31:44.170  INFO 30128 --- [http-nio-8087-exec-1] o.s.web.servlet.DispatcherServlet        : Completed initialization in 5 ms
